# JRE version: Java(TM) SE Runtime Environment (8.0_51-b16) (build 1.8.0_51-b16)
# Java VM: Java HotSpot(TM) 64-Bit Server VM (25.51-b03 mixed mode windows-amd64 compressed oops)
Heap:
 PSYoungGen      total 2334720K, used 1065673K [0x000000072b300000, 0x00000007bfd00000, 0x00000007c0000000)
  eden space 2241536K, 45% used [0x000000072b300000,0x000000076938efe8,0x00000007b4000000)
  from space 93184K, 52% used [0x00000007b4000000,0x00000007b70235b0,0x00000007b9b00000)
  to   space 90624K, 0% used [0x00000007ba480000,0x00000007ba480000,0x00000007bfd00000)
 ParOldGen       total 4451328K, used 3765390K [0x0000000601800000, 0x0000000711300000, 0x000000072b300000)
  object space 4451328K, 84% used [0x0000000601800000,0x00000006e75238e8,0x0000000711300000)
 Metaspace       used 293232K, capacity 305167K, committed 306944K, reserved 1308672K
  class space    used 45266K, capacity 47784K, committed 48128K, reserved 1048576K
GC Heap History (10 events):
Event: 5858.009 GC heap before
{Heap before GC invocations=690 (full 15):
 PSYoungGen      total 2328576K, used 2284981K [0x000000072b300000, 0x00000007c0000000, 0x00000007c0000000)
  eden space 2221056K, 100% used [0x000000072b300000,0x00000007b2c00000,0x00000007b2c00000)
  from space 107520K, 59% used [0x00000007b9300000,0x00000007bd16d690,0x00000007bfc00000)
  to   space 105472K, 0% used [0x00000007b2c00000,0x00000007b2c00000,0x00000007b9300000)
 ParOldGen       total 4451328K, used 3745551K [0x0000000601800000, 0x0000000711300000, 0x000000072b300000)
  object space 4451328K, 84% used [0x0000000601800000,0x00000006e61c3d68,0x0000000711300000)
 Metaspace       used 293210K, capacity 305167K, committed 306944K, reserved 1308672K
  class space    used 45266K, capacity 47784K, committed 48128K, reserved 1048576K
Event: 5858.035 GC heap after
Heap after GC invocations=690 (full 15):
 PSYoungGen      total 2326528K, used 66386K [0x000000072b300000, 0x00000007bfc00000, 0x00000007c0000000)
  eden space 2221056K, 0% used [0x000000072b300000,0x000000072b300000,0x00000007b2c00000)
  from space 105472K, 62% used [0x00000007b2c00000,0x00000007b6cd4b80,0x00000007b9300000)
  to   space 104448K, 0% used [0x00000007b9600000,0x00000007b9600000,0x00000007bfc00000)
 ParOldGen       total 4451328K, used 3745743K [0x0000000601800000, 0x0000000711300000, 0x000000072b300000)
  object space 4451328K, 84% used [0x0000000601800000,0x00000006e61f3d78,0x0000000711300000)
 Metaspace       used 293210K, capacity 305167K, committed 306944K, reserved 1308672K
  class space    used 45266K, capacity 47784K, committed 48128K, reserved 1048576K
}
Event: 5864.675 GC heap before
{Heap before GC invocations=691 (full 15):
 PSYoungGen      total 2326528K, used 2286449K [0x000000072b300000, 0x00000007bfc00000, 0x00000007c0000000)
  eden space 2221056K, 99% used [0x000000072b300000,0x00000007b2b07968,0x00000007b2c00000)
  from space 105472K, 62% used [0x00000007b2c00000,0x00000007b6cd4b80,0x00000007b9300000)
  to   space 104448K, 0% used [0x00000007b9600000,0x00000007b9600000,0x00000007bfc00000)
 ParOldGen       total 4451328K, used 3745743K [0x0000000601800000, 0x0000000711300000, 0x000000072b300000)
  object space 4451328K, 84% used [0x0000000601800000,0x00000006e61f3d78,0x0000000711300000)
 Metaspace       used 293219K, capacity 305167K, committed 306944K, reserved 1308672K
  class space    used 45266K, capacity 47784K, committed 48128K, reserved 1048576K
Event: 5864.707 GC heap after
Heap after GC invocations=691 (full 15):
 PSYoungGen      total 2326528K, used 57425K [0x000000072b300000, 0x00000007bf600000, 0x00000007c0000000)
  eden space 2228224K, 0% used [0x000000072b300000,0x000000072b300000,0x00000007b3300000)
  from space 98304K, 58% used [0x00000007b9600000,0x00000007bce14420,0x00000007bf600000)
  to   space 99840K, 0% used [0x00000007b3300000,0x00000007b3300000,0x00000007b9480000)
 ParOldGen       total 4451328K, used 3754223K [0x0000000601800000, 0x0000000711300000, 0x000000072b300000)
  object space 4451328K, 84% used [0x0000000601800000,0x00000006e6a3bdf8,0x0000000711300000)
 Metaspace       used 293219K, capacity 305167K, committed 306944K, reserved 1308672K
  class space    used 45266K, capacity 47784K, committed 48128K, reserved 1048576K
}
Event: 5870.884 GC heap before
{Heap before GC invocations=692 (full 15):
 PSYoungGen      total 2326528K, used 2285649K [0x000000072b300000, 0x00000007bf600000, 0x00000007c0000000)
  eden space 2228224K, 100% used [0x000000072b300000,0x00000007b3300000,0x00000007b3300000)
  from space 98304K, 58% used [0x00000007b9600000,0x00000007bce14420,0x00000007bf600000)
  to   space 99840K, 0% used [0x00000007b3300000,0x00000007b3300000,0x00000007b9480000)
 ParOldGen       total 4451328K, used 3754223K [0x0000000601800000, 0x0000000711300000, 0x000000072b300000)
  object space 4451328K, 84% used [0x0000000601800000,0x00000006e6a3bdf8,0x0000000711300000)
 Metaspace       used 293221K, capacity 305167K, committed 306944K, reserved 1308672K
  class space    used 45266K, capacity 47784K, committed 48128K, reserved 1048576K
Event: 5870.913 GC heap after
Heap after GC invocations=692 (full 15):
 PSYoungGen      total 2328064K, used 49659K [0x000000072b300000, 0x00000007bfb80000, 0x00000007c0000000)
  eden space 2228224K, 0% used [0x000000072b300000,0x000000072b300000,0x00000007b3300000)
  from space 99840K, 49% used [0x00000007b3300000,0x00000007b637eda0,0x00000007b9480000)
  to   space 96768K, 0% used [0x00000007b9d00000,0x00000007b9d00000,0x00000007bfb80000)
 ParOldGen       total 4451328K, used 3762759K [0x0000000601800000, 0x0000000711300000, 0x000000072b300000)
  object space 4451328K, 84% used [0x0000000601800000,0x00000006e7291e78,0x0000000711300000)
 Metaspace       used 293221K, capacity 305167K, committed 306944K, reserved 1308672K
  class space    used 45266K, capacity 47784K, committed 48128K, reserved 1048576K
}
Event: 5878.337 GC heap before
{Heap before GC invocations=693 (full 15):
 PSYoungGen      total 2328064K, used 2277883K [0x000000072b300000, 0x00000007bfb80000, 0x00000007c0000000)
  eden space 2228224K, 100% used [0x000000072b300000,0x00000007b3300000,0x00000007b3300000)
  from space 99840K, 49% used [0x00000007b3300000,0x00000007b637eda0,0x00000007b9480000)
  to   space 96768K, 0% used [0x00000007b9d00000,0x00000007b9d00000,0x00000007bfb80000)
 ParOldGen       total 4451328K, used 3762759K [0x0000000601800000, 0x0000000711300000, 0x000000072b300000)
  object space 4451328K, 84% used [0x0000000601800000,0x00000006e7291e78,0x0000000711300000)
 Metaspace       used 293221K, capacity 305167K, committed 306944K, reserved 1308672K
  class space    used 45266K, capacity 47784K, committed 48128K, reserved 1048576K
Event: 5878.365 GC heap after
Heap after GC invocations=693 (full 15):
 PSYoungGen      total 2332672K, used 53999K [0x000000072b300000, 0x00000007bf600000, 0x00000007c0000000)
  eden space 2241536K, 0% used [0x000000072b300000,0x000000072b300000,0x00000007b4000000)
  from space 91136K, 59% used [0x00000007b9d00000,0x00000007bd1bbdb8,0x00000007bf600000)
  to   space 93184K, 0% used [0x00000007b4000000,0x00000007b4000000,0x00000007b9b00000)
 ParOldGen       total 4451328K, used 3763296K [0x0000000601800000, 0x0000000711300000, 0x000000072b300000)
  object space 4451328K, 84% used [0x0000000601800000,0x00000006e73182c8,0x0000000711300000)
 Metaspace       used 293221K, capacity 305167K, committed 306944K, reserved 1308672K
  class space    used 45266K, capacity 47784K, committed 48128K, reserved 1048576K
}
Event: 5885.676 GC heap before
{Heap before GC invocations=694 (full 15):
 PSYoungGen      total 2332672K, used 2295104K [0x000000072b300000, 0x00000007bf600000, 0x00000007c0000000)
  eden space 2241536K, 99% used [0x000000072b300000,0x00000007b3f944d8,0x00000007b4000000)
  from space 91136K, 59% used [0x00000007b9d00000,0x00000007bd1bbdb8,0x00000007bf600000)
  to   space 93184K, 0% used [0x00000007b4000000,0x00000007b4000000,0x00000007b9b00000)
 ParOldGen       total 4451328K, used 3763296K [0x0000000601800000, 0x0000000711300000, 0x000000072b300000)
  object space 4451328K, 84% used [0x0000000601800000,0x00000006e73182c8,0x0000000711300000)
 Metaspace       used 293230K, capacity 305167K, committed 306944K, reserved 1308672K
  class space    used 45266K, capacity 47784K, committed 48128K, reserved 1048576K
Event: 5885.702 GC heap after
Heap after GC invocations=694 (full 15):
 PSYoungGen      total 2334720K, used 49293K [0x000000072b300000, 0x00000007bfd00000, 0x00000007c0000000)
  eden space 2241536K, 0% used [0x000000072b300000,0x000000072b300000,0x00000007b4000000)
  from space 93184K, 52% used [0x00000007b4000000,0x00000007b70235b0,0x00000007b9b00000)
  to   space 90624K, 0% used [0x00000007ba480000,0x00000007ba480000,0x00000007bfd00000)
 ParOldGen       total 4451328K, used 3765390K [0x0000000601800000, 0x0000000711300000, 0x000000072b300000)
  object space 4451328K, 84% used [0x0000000601800000,0x00000006e75238e8,0x0000000711300000)
 Metaspace       used 293230K, capacity 305167K, committed 306944K, reserved 1308672K
  class space    used 45266K, capacity 47784K, committed 48128K, reserved 1048576K
}

