# JRE version: Java(TM) SE Runtime Environment (8.0_51-b16) (build 1.8.0_51-b16)
# Java VM: Java HotSpot(TM) 64-Bit Server VM (25.51-b03 mixed mode windows-amd64 compressed oops)
Heap:
 PSYoungGen      total 2163200K, used 678157K [0x000000072b300000, 0x00000007c0000000, 0x00000007c0000000)
  eden space 1884160K, 35% used [0x000000072b300000,0x00000007549435b0,0x000000079e300000)
  from space 279040K, 0% used [0x00000007aef80000,0x00000007aef80000,0x00000007c0000000)
  to   space 274944K, 0% used [0x000000079e300000,0x000000079e300000,0x00000007aef80000)
 ParOldGen       total 3169280K, used 2864997K [0x0000000601800000, 0x00000006c2f00000, 0x000000072b300000)
  object space 3169280K, 90% used [0x0000000601800000,0x00000006b05d97c8,0x00000006c2f00000)
 Metaspace       used 298072K, capacity 311115K, committed 311256K, reserved 1310720K
  class space    used 46114K, capacity 49067K, committed 49152K, reserved 1048576K
GC Heap History (10 events):
Event: 2025.772 GC heap before
{Heap before GC invocations=312 (full 23):
 PSYoungGen      total 2199552K, used 1960448K [0x000000072b300000, 0x00000007c0000000, 0x00000007c0000000)
  eden space 1960448K, 100% used [0x000000072b300000,0x00000007a2d80000,0x00000007a2d80000)
  from space 239104K, 0% used [0x00000007b1680000,0x00000007b1680000,0x00000007c0000000)
  to   space 238592K, 0% used [0x00000007a2d80000,0x00000007a2d80000,0x00000007b1680000)
 ParOldGen       total 3169280K, used 2833412K [0x0000000601800000, 0x00000006c2f00000, 0x000000072b300000)
  object space 3169280K, 89% used [0x0000000601800000,0x00000006ae701010,0x00000006c2f00000)
 Metaspace       used 297646K, capacity 310613K, committed 310872K, reserved 1310720K
  class space    used 46086K, capacity 49010K, committed 49024K, reserved 1048576K
Event: 2025.845 GC heap after
Heap after GC invocations=312 (full 23):
 PSYoungGen      total 2139648K, used 178852K [0x000000072b300000, 0x00000007c0000000, 0x00000007c0000000)
  eden space 1960448K, 0% used [0x000000072b300000,0x000000072b300000,0x00000007a2d80000)
  from space 179200K, 99% used [0x00000007a2d80000,0x00000007adc29328,0x00000007adc80000)
  to   space 260096K, 0% used [0x00000007b0200000,0x00000007b0200000,0x00000007c0000000)
 ParOldGen       total 3169280K, used 2833412K [0x0000000601800000, 0x00000006c2f00000, 0x000000072b300000)
  object space 3169280K, 89% used [0x0000000601800000,0x00000006ae701010,0x00000006c2f00000)
 Metaspace       used 297646K, capacity 310613K, committed 310872K, reserved 1310720K
  class space    used 46086K, capacity 49010K, committed 49024K, reserved 1048576K
}
Event: 2032.432 GC heap before
{Heap before GC invocations=313 (full 23):
 PSYoungGen      total 2139648K, used 2139300K [0x000000072b300000, 0x00000007c0000000, 0x00000007c0000000)
  eden space 1960448K, 100% used [0x000000072b300000,0x00000007a2d80000,0x00000007a2d80000)
  from space 179200K, 99% used [0x00000007a2d80000,0x00000007adc29328,0x00000007adc80000)
  to   space 260096K, 0% used [0x00000007b0200000,0x00000007b0200000,0x00000007c0000000)
 ParOldGen       total 3169280K, used 2833412K [0x0000000601800000, 0x00000006c2f00000, 0x000000072b300000)
  object space 3169280K, 89% used [0x0000000601800000,0x00000006ae701010,0x00000006c2f00000)
 Metaspace       used 297862K, capacity 310849K, committed 311000K, reserved 1310720K
  class space    used 46096K, capacity 49042K, committed 49152K, reserved 1048576K
Event: 2032.579 GC heap after
Heap after GC invocations=313 (full 23):
 PSYoungGen      total 2127872K, used 202848K [0x000000072b300000, 0x00000007c0000000, 0x00000007c0000000)
  eden space 1867776K, 0% used [0x000000072b300000,0x000000072b300000,0x000000079d300000)
  from space 260096K, 77% used [0x00000007b0200000,0x00000007bc8183a0,0x00000007c0000000)
  to   space 285184K, 0% used [0x000000079d300000,0x000000079d300000,0x00000007ae980000)
 ParOldGen       total 3169280K, used 2833412K [0x0000000601800000, 0x00000006c2f00000, 0x000000072b300000)
  object space 3169280K, 89% used [0x0000000601800000,0x00000006ae701010,0x00000006c2f00000)
 Metaspace       used 297862K, capacity 310849K, committed 311000K, reserved 1310720K
  class space    used 46096K, capacity 49042K, committed 49152K, reserved 1048576K
}
Event: 2036.431 GC heap before
{Heap before GC invocations=314 (full 23):
 PSYoungGen      total 2127872K, used 2070624K [0x000000072b300000, 0x00000007c0000000, 0x00000007c0000000)
  eden space 1867776K, 100% used [0x000000072b300000,0x000000079d300000,0x000000079d300000)
  from space 260096K, 77% used [0x00000007b0200000,0x00000007bc8183a0,0x00000007c0000000)
  to   space 285184K, 0% used [0x000000079d300000,0x000000079d300000,0x00000007ae980000)
 ParOldGen       total 3169280K, used 2833412K [0x0000000601800000, 0x00000006c2f00000, 0x000000072b300000)
  object space 3169280K, 89% used [0x0000000601800000,0x00000006ae701010,0x00000006c2f00000)
 Metaspace       used 297909K, capacity 310917K, committed 311256K, reserved 1310720K
  class space    used 46098K, capacity 49042K, committed 49152K, reserved 1048576K
Event: 2036.509 GC heap after
Heap after GC invocations=314 (full 23):
 PSYoungGen      total 2152960K, used 132880K [0x000000072b300000, 0x00000007c0000000, 0x00000007c0000000)
  eden space 1867776K, 0% used [0x000000072b300000,0x000000072b300000,0x000000079d300000)
  from space 285184K, 46% used [0x000000079d300000,0x00000007a54c4300,0x00000007ae980000)
  to   space 279040K, 0% used [0x00000007aef80000,0x00000007aef80000,0x00000007c0000000)
 ParOldGen       total 3169280K, used 2833412K [0x0000000601800000, 0x00000006c2f00000, 0x000000072b300000)
  object space 3169280K, 89% used [0x0000000601800000,0x00000006ae701010,0x00000006c2f00000)
 Metaspace       used 297909K, capacity 310917K, committed 311256K, reserved 1310720K
  class space    used 46098K, capacity 49042K, committed 49152K, reserved 1048576K
}
Event: 2037.425 GC heap before
{Heap before GC invocations=315 (full 23):
 PSYoungGen      total 2152960K, used 767581K [0x000000072b300000, 0x00000007c0000000, 0x00000007c0000000)
  eden space 1867776K, 33% used [0x000000072b300000,0x0000000751ed3208,0x000000079d300000)
  from space 285184K, 46% used [0x000000079d300000,0x00000007a54c4300,0x00000007ae980000)
  to   space 279040K, 0% used [0x00000007aef80000,0x00000007aef80000,0x00000007c0000000)
 ParOldGen       total 3169280K, used 2833412K [0x0000000601800000, 0x00000006c2f00000, 0x000000072b300000)
  object space 3169280K, 89% used [0x0000000601800000,0x00000006ae701010,0x00000006c2f00000)
 Metaspace       used 297993K, capacity 311055K, committed 311256K, reserved 1310720K
  class space    used 46109K, capacity 49059K, committed 49152K, reserved 1048576K
Event: 2037.486 GC heap after
Heap after GC invocations=315 (full 23):
 PSYoungGen      total 2163200K, used 139374K [0x000000072b300000, 0x00000007c0000000, 0x00000007c0000000)
  eden space 1884160K, 0% used [0x000000072b300000,0x000000072b300000,0x000000079e300000)
  from space 279040K, 49% used [0x00000007aef80000,0x00000007b779bab8,0x00000007c0000000)
  to   space 274944K, 0% used [0x000000079e300000,0x000000079e300000,0x00000007aef80000)
 ParOldGen       total 3169280K, used 2833420K [0x0000000601800000, 0x00000006c2f00000, 0x000000072b300000)
  object space 3169280K, 89% used [0x0000000601800000,0x00000006ae703010,0x00000006c2f00000)
 Metaspace       used 297993K, capacity 311055K, committed 311256K, reserved 1310720K
  class space    used 46109K, capacity 49059K, committed 49152K, reserved 1048576K
}
Event: 2037.487 GC heap before
{Heap before GC invocations=316 (full 24):
 PSYoungGen      total 2163200K, used 139374K [0x000000072b300000, 0x00000007c0000000, 0x00000007c0000000)
  eden space 1884160K, 0% used [0x000000072b300000,0x000000072b300000,0x000000079e300000)
  from space 279040K, 49% used [0x00000007aef80000,0x00000007b779bab8,0x00000007c0000000)
  to   space 274944K, 0% used [0x000000079e300000,0x000000079e300000,0x00000007aef80000)
 ParOldGen       total 3169280K, used 2833420K [0x0000000601800000, 0x00000006c2f00000, 0x000000072b300000)
  object space 3169280K, 89% used [0x0000000601800000,0x00000006ae703010,0x00000006c2f00000)
 Metaspace       used 297993K, capacity 311055K, committed 311256K, reserved 1310720K
  class space    used 46109K, capacity 49059K, committed 49152K, reserved 1048576K
Event: 2043.918 GC heap after
Heap after GC invocations=316 (full 24):
 PSYoungGen      total 2163200K, used 0K [0x000000072b300000, 0x00000007c0000000, 0x00000007c0000000)
  eden space 1884160K, 0% used [0x000000072b300000,0x000000072b300000,0x000000079e300000)
  from space 279040K, 0% used [0x00000007aef80000,0x00000007aef80000,0x00000007c0000000)
  to   space 274944K, 0% used [0x000000079e300000,0x000000079e300000,0x00000007aef80000)
 ParOldGen       total 3169280K, used 2864997K [0x0000000601800000, 0x00000006c2f00000, 0x000000072b300000)
  object space 3169280K, 90% used [0x0000000601800000,0x00000006b05d97c8,0x00000006c2f00000)
 Metaspace       used 297993K, capacity 311055K, committed 311256K, reserved 1310720K
  class space    used 46109K, capacity 49059K, committed 49152K, reserved 1048576K
}

